2023-10-04 15:56:52 info: Server started on http://localhost:3000
2023-10-04 15:58:16 warn: Unauthorized: No token provided
2023-10-04 15:58:56 info: Server started on http://localhost:3000
2023-10-04 15:59:18 info: GET / getAllUsers route called
2023-10-04 16:01:32 info: Server started on http://localhost:3000
2023-10-04 16:01:38 info: POST / userCreate route called
2023-10-04 16:03:13 info: POST / userCreate route called
2023-10-04 16:03:27 info: POST / userCreate route called
2023-10-04 16:03:27 warn: No user found with phone number: 7477529385
2023-10-04 16:03:27 error: Error for creating new user:  user is not defined
2023-10-04 16:05:14 info: Server started on http://localhost:3000
2023-10-04 16:06:31 info: Server started on http://localhost:3000
2023-10-04 16:06:34 info: POST / userCreate route called
2023-10-04 16:06:34 warn: No user found with phone number: 7477529385
2023-10-04 16:06:34 error: Error for creating new user:  user is not defined
2023-10-04 16:07:21 info: Server started on http://localhost:3000
2023-10-04 16:07:29 info: POST / userCreate route called
2023-10-04 16:07:29 warn: No user found with phone number: 7477529385
2023-10-04 16:07:29 error: Error for creating new user:  user is not defined
2023-10-04 16:09:00 info: Server started on http://localhost:3000
2023-10-04 16:09:04 info: POST / userCreate route called
2023-10-04 16:09:04 warn: No user found with phone number: 7477529385
2023-10-04 16:09:04 error: Error for creating new user:  User.encryptField is not a function
2023-10-04 16:10:42 info: Server started on http://localhost:3000
2023-10-04 16:10:48 info: POST / userCreate route called
2023-10-04 16:10:48 warn: No user found with phone number: 7477529385
2023-10-04 16:10:48 error: Error for creating new user:  User.encryptField is not a function
2023-10-04 16:14:19 info: Server started on http://localhost:3000
2023-10-04 16:14:24 info: POST / userCreate route called
2023-10-04 16:14:24 warn: No user found with phone number: 7477529385
2023-10-04 16:14:24 error: Error for creating new user:  User.encryptField is not a function
2023-10-04 16:16:48 info: Server started on http://localhost:3000
2023-10-04 16:17:02 info: POST / userCreate route called
2023-10-04 16:17:03 warn: No user found with phone number: 7477529385
2023-10-04 16:17:16 info: GET / getAllUsers route called
2023-10-04 16:21:42 info: Server started on http://localhost:3000
2023-10-04 16:21:49 info: GET / getAllUsers route called
2023-10-04 16:24:25 info: Server started on http://localhost:3000
2023-10-04 16:24:29 info: GET / getAllUsers route called
2023-10-04 16:24:30 error: Error for finding all user details: Invalid key length
2023-10-04 16:25:41 info: GET / getAllUsers route called
2023-10-04 16:25:42 error: Error for finding all user details: Invalid key length
2023-10-04 16:26:15 info: Server started on http://localhost:3000
2023-10-04 16:26:17 info: GET / getAllUsers route called
2023-10-04 16:26:18 error: Error for finding all user details: error:1C80006B:Provider routines::wrong final block length
2023-10-04 16:27:01 info: Server started on http://localhost:3000
2023-10-04 16:27:02 info: GET / getAllUsers route called
2023-10-04 16:31:27 info: Server started on http://localhost:3000
2023-10-04 16:31:46 info: GET / getAllUsers route called
2023-10-04 16:31:46 error: Error decrypting field: Invalid key length
2023-10-04 16:33:14 info: Server started on http://localhost:3000
2023-10-04 16:33:21 info: GET / getAllUsers route called
2023-10-04 16:33:21 error: Error decrypting field: Invalid key length
2023-10-04 16:33:45 info: Server started on http://localhost:3000
2023-10-04 16:33:49 info: GET / getAllUsers route called
2023-10-04 16:36:26 info: Server started on http://localhost:3000
2023-10-04 16:36:54 info: Server started on http://localhost:3000
2023-10-04 16:37:22 info: Server started on http://localhost:3000
2023-10-04 16:37:50 info: Server started on http://localhost:3000
2023-10-04 16:38:29 info: POST / userCreate route called
2023-10-04 16:38:49 info: POST / userCreate route called
2023-10-04 16:38:49 warn: No user found with phone number: 7477741741
2023-10-04 16:38:56 info: GET / getAllUsers route called
2023-10-04 16:42:52 info: Server started on http://localhost:3000
2023-10-04 16:43:09 info: GET / getAllUsers route called
2023-10-04 16:43:30 info: POST / userCreate route called
2023-10-04 16:43:30 warn: No user found with phone number: 7477741742
2023-10-04 16:43:30 error: Error for creating new user:  notNull Violation: User.bankAccountNumber cannot be null,
notNull Violation: User.bankRoutingNumber cannot be null
2023-10-04 16:44:16 info: Server started on http://localhost:3000
2023-10-04 16:44:21 info: POST / userCreate route called
2023-10-04 16:44:21 warn: No user found with phone number: 7477741742
2023-10-04 16:44:31 info: GET / getAllUsers route called
2023-10-04 16:45:02 info: Server started on http://localhost:3000
2023-10-04 16:45:27 info: Server started on http://localhost:3000
2023-10-04 16:50:28 info: Server started on http://localhost:3000
2023-10-04 16:50:33 info: GET / getAllUsers route called
2023-10-04 16:50:53 info: Server started on http://localhost:3000
2023-10-04 16:52:36 info: Server started on http://localhost:3000
2023-10-04 16:52:47 info: GET / getAllUsers route called
2023-10-04 16:53:08 info: POST / userCreate route called
2023-10-04 16:53:08 warn: No user found with phone number: 7477741740
2023-10-04 16:53:17 info: GET / getAllUsers route called
2023-10-04 17:03:26 info: Server started on http://localhost:3000
2023-10-04 17:03:39 info: POST / userCreate route called
2023-10-04 17:03:39 warn: No user found with phone number: 7477529380
2023-10-04 17:03:49 info: GET / getAllUsers route called
2023-10-04 17:04:57 info: Server started on http://localhost:3000
